[ERROR] 2018-10-28 18:07:01.555 [main] Conector - Error conectando a la base de datos
java.sql.SQLException: Unknown character set index for field '255' received from server.
	at com.mysql.jdbc.SQLError.createSQLException(SQLError.java:1055) ~[mysql-connector-java-5.1.6.jar:?]
	at com.mysql.jdbc.SQLError.createSQLException(SQLError.java:956) ~[mysql-connector-java-5.1.6.jar:?]
	at com.mysql.jdbc.SQLError.createSQLException(SQLError.java:926) ~[mysql-connector-java-5.1.6.jar:?]
	at com.mysql.jdbc.ConnectionImpl.getCharsetNameForIndex(ConnectionImpl.java:2810) ~[mysql-connector-java-5.1.6.jar:?]
	at com.mysql.jdbc.Field.<init>(Field.java:198) ~[mysql-connector-java-5.1.6.jar:?]
	at com.mysql.jdbc.MysqlIO.unpackField(MysqlIO.java:756) ~[mysql-connector-java-5.1.6.jar:?]
	at com.mysql.jdbc.MysqlIO.getResultSet(MysqlIO.java:407) ~[mysql-connector-java-5.1.6.jar:?]
	at com.mysql.jdbc.MysqlIO.readResultsForQueryOrUpdate(MysqlIO.java:2510) ~[mysql-connector-java-5.1.6.jar:?]
	at com.mysql.jdbc.MysqlIO.readAllResults(MysqlIO.java:1746) ~[mysql-connector-java-5.1.6.jar:?]
	at com.mysql.jdbc.MysqlIO.sqlQueryDirect(MysqlIO.java:2135) ~[mysql-connector-java-5.1.6.jar:?]
	at com.mysql.jdbc.ConnectionImpl.execSQL(ConnectionImpl.java:2536) ~[mysql-connector-java-5.1.6.jar:?]
	at com.mysql.jdbc.ConnectionImpl.execSQL(ConnectionImpl.java:2465) ~[mysql-connector-java-5.1.6.jar:?]
	at com.mysql.jdbc.StatementImpl.executeQuery(StatementImpl.java:1383) ~[mysql-connector-java-5.1.6.jar:?]
	at com.mysql.jdbc.ConnectionImpl.loadServerVariables(ConnectionImpl.java:3777) ~[mysql-connector-java-5.1.6.jar:?]
	at com.mysql.jdbc.ConnectionImpl.initializePropsFromServer(ConnectionImpl.java:3348) ~[mysql-connector-java-5.1.6.jar:?]
	at com.mysql.jdbc.ConnectionImpl.createNewIO(ConnectionImpl.java:2045) ~[mysql-connector-java-5.1.6.jar:?]
	at com.mysql.jdbc.ConnectionImpl.<init>(ConnectionImpl.java:718) ~[mysql-connector-java-5.1.6.jar:?]
	at com.mysql.jdbc.JDBC4Connection.<init>(JDBC4Connection.java:46) ~[mysql-connector-java-5.1.6.jar:?]
	at sun.reflect.NativeConstructorAccessorImpl.newInstance0(Native Method) ~[?:1.8.0_144]
	at sun.reflect.NativeConstructorAccessorImpl.newInstance(NativeConstructorAccessorImpl.java:62) ~[?:1.8.0_144]
	at sun.reflect.DelegatingConstructorAccessorImpl.newInstance(DelegatingConstructorAccessorImpl.java:45) ~[?:1.8.0_144]
	at java.lang.reflect.Constructor.newInstance(Constructor.java:423) ~[?:1.8.0_144]
	at com.mysql.jdbc.Util.handleNewInstance(Util.java:406) ~[mysql-connector-java-5.1.6.jar:?]
	at com.mysql.jdbc.ConnectionImpl.getInstance(ConnectionImpl.java:302) ~[mysql-connector-java-5.1.6.jar:?]
	at com.mysql.jdbc.NonRegisteringDriver.connect(NonRegisteringDriver.java:282) ~[mysql-connector-java-5.1.6.jar:?]
	at java.sql.DriverManager.getConnection(DriverManager.java:664) ~[?:1.8.0_144]
	at java.sql.DriverManager.getConnection(DriverManager.java:247) ~[?:1.8.0_144]
	at dao.service.Conector.conectar(Conector.java:44) [classes/:?]
	at dao.service.UsuarioDao.insert(UsuarioDao.java:52) [classes/:?]
	at dao.service.NewMain.main(NewMain.java:23) [classes/:?]
